Using pre-set license
Built from '2020.3/staging' branch; Version is '2020.3.0f1 (c7b5465681fb) revision 13088070'; Using compiler version '192528614'; Build Type 'Release'
OS: 'Windows 10 Education; OS build 19042.985; Version 2009; 64bit' Language: 'es' Physical Memory: 8129 MB
BatchMode: 1, IsHumanControllingUs: 0, StartBugReporterOnCrash: 0, Is64bit: 1, IsPro: 0

 COMMAND LINE ARGUMENTS:
C:\Program Files\Unity\Hub\Editor\2020.3.0f1\Editor\Unity.exe
-adb2
-batchMode
-noUpm
-name
AssetImportWorker0
-projectPath
E:/Unity_Projects/Marc (alu0101455280)
-logFile
Logs/AssetImportWorker0.log
-srvPort
64620
Successfully changed project path to: E:/Unity_Projects/Marc (alu0101455280)
E:/Unity_Projects/Marc (alu0101455280)
Using Asset Import Pipeline V2.
Refreshing native plugins compatible for Editor in 42.42 ms, found 0 plugins.
Preloading 0 native plugins for Editor in 0.00 ms.
Initialize engine version: 2020.3.0f1 (c7b5465681fb)
[Subsystems] Discovering subsystems at path C:/Program Files/Unity/Hub/Editor/2020.3.0f1/Editor/Data/Resources/UnitySubsystems
[Subsystems] Discovering subsystems at path E:/Unity_Projects/Marc (alu0101455280)/Assets
GfxDevice: creating device client; threaded=0
Direct3D:
    Version:  Direct3D 11.0 [level 11.1]
    Renderer: NVIDIA GeForce GTX 1050 (ID=0x1c83)
    Vendor:   
    VRAM:     2996 MB
    Driver:   27.21.14.5671
Initialize mono
Mono path[0] = 'C:/Program Files/Unity/Hub/Editor/2020.3.0f1/Editor/Data/Managed'
Mono path[1] = 'C:/Program Files/Unity/Hub/Editor/2020.3.0f1/Editor/Data/MonoBleedingEdge/lib/mono/unityjit'
Mono config path = 'C:/Program Files/Unity/Hub/Editor/2020.3.0f1/Editor/Data/MonoBleedingEdge/etc'
Using monoOptions --debugger-agent=transport=dt_socket,embedding=1,server=y,suspend=n,address=127.0.0.1:56212
Begin MonoManager ReloadAssembly
Registering precompiled unity dll's ...
Register platform support module: C:/Program Files/Unity/Hub/Editor/2020.3.0f1/Editor/Data/PlaybackEngines/WindowsStandaloneSupport/UnityEditor.WindowsStandalone.Extensions.dll
Registered in 0.001951 seconds.
Native extension for WindowsStandalone target not found
Refreshing native plugins compatible for Editor in 35.97 ms, found 0 plugins.
Preloading 0 native plugins for Editor in 0.00 ms.
Invoked RoslynAnalysisRunner static constructor.
RoslynAnalysisRunner will not be running.
RoslynAnalysisRunner has terminated.
Mono: successfully reloaded assembly
- Completed reload, in  1.081 seconds
Platform modules already initialized, skipping
Registering precompiled user dll's ...
Registered in 0.002883 seconds.
Begin MonoManager ReloadAssembly
Native extension for WindowsStandalone target not found
Refreshing native plugins compatible for Editor in 0.44 ms, found 0 plugins.
Preloading 0 native plugins for Editor in 0.00 ms.
Invoked RoslynAnalysisRunner static constructor.
RoslynAnalysisRunner will not be running.
RoslynAnalysisRunner has terminated.
Mono: successfully reloaded assembly
- Completed reload, in  0.836 seconds
Platform modules already initialized, skipping
========================================================================
Worker process is ready to serve import requests
Launched and connected shader compiler UnityShaderCompiler.exe after 0.10 seconds
Refreshing native plugins compatible for Editor in 0.47 ms, found 0 plugins.
Preloading 0 native plugins for Editor in 0.00 ms.
Unloading 1690 Unused Serialized files (Serialized files now loaded: 0)
System memory in use before: 78.6 MB.
System memory in use after: 78.7 MB.

Unloading 37 unused Assets to reduce memory usage. Loaded Objects now: 2116.
Total: 2.922000 ms (FindLiveObjects: 0.200400 ms CreateObjectMapping: 0.176400 ms MarkObjects: 2.449300 ms  DeleteObjects: 0.095000 ms)

========================================================================
Received Import Request.
  path: Assets/Readme.asset
  artifactKey: Guid(83c2ed844a8c74b779a4c823d16594b1) Importer(815301076,1909f56bfc062723c751e8b465ee728b)
Start importing Assets/Readme.asset using Guid(83c2ed844a8c74b779a4c823d16594b1) Importer(815301076,1909f56bfc062723c751e8b465ee728b)  -> (artifact id: 'de457508cd764c1d7e8507b08cca0dbc') in 0.038472 seconds
  Import took 0.041818 seconds .

========================================================================
Received Import Request.
  Time since last request: 1434.697957 seconds.
  path: Assets/Scenes/Main.unity
  artifactKey: Guid(716707dd4e28c5b4a83b9fb3e7e91ada) Importer(815301076,1909f56bfc062723c751e8b465ee728b)
Start importing Assets/Scenes/Main.unity using Guid(716707dd4e28c5b4a83b9fb3e7e91ada) Importer(815301076,1909f56bfc062723c751e8b465ee728b)  -> (artifact id: 'efa4415f2be08bbb1a8361ea658801c2') in 0.007513 seconds
  Import took 0.010513 seconds .

========================================================================
Received Import Request.
  Time since last request: 0.009667 seconds.
  path: Assets/Scenes/Main.unity
  artifactKey: Guid(716707dd4e28c5b4a83b9fb3e7e91ada) Importer(815301076,1909f56bfc062723c751e8b465ee728b)
Start importing Assets/Scenes/Main.unity using Guid(716707dd4e28c5b4a83b9fb3e7e91ada) Importer(815301076,1909f56bfc062723c751e8b465ee728b)  -> (artifact id: 'efa4415f2be08bbb1a8361ea658801c2') in 0.008344 seconds
  Import took 0.011548 seconds .

========================================================================
Received Prepare
Registering precompiled user dll's ...
Registered in 0.002617 seconds.
Begin MonoManager ReloadAssembly
The scripted importer 'UIElementsViewImporter' attempted to register file type '.uxml', which is handled by a native Unity importer. Registration rejected.
UnityEngine.StackTraceUtility:ExtractStackTrace ()
UnityEditor.AssetImporters.ScriptedImporter:RegisterScriptedImporters ()

[C:\buildslave\unity\build\Modules/AssetDatabase/Editor/Public/ImporterRegistry.cpp line 245]

The scripted importer 'StyleSheetImporter' attempted to register file type '.uss', which is handled by a native Unity importer. Registration rejected.
UnityEngine.StackTraceUtility:ExtractStackTrace ()
UnityEditor.AssetImporters.ScriptedImporter:RegisterScriptedImporters ()

[C:\buildslave\unity\build\Modules/AssetDatabase/Editor/Public/ImporterRegistry.cpp line 245]

The scripted importer 'ThemeStyleSheetImporter' attempted to register file type '.tss', which is handled by a native Unity importer. Registration rejected.
UnityEngine.StackTraceUtility:ExtractStackTrace ()
UnityEditor.AssetImporters.ScriptedImporter:RegisterScriptedImporters ()

[C:\buildslave\unity\build\Modules/AssetDatabase/Editor/Public/ImporterRegistry.cpp line 245]

Native extension for WindowsStandalone target not found
Refreshing native plugins compatible for Editor in 0.45 ms, found 0 plugins.
Preloading 0 native plugins for Editor in 0.00 ms.
Invoked RoslynAnalysisRunner static constructor.
RoslynAnalysisRunner will not be running.
RoslynAnalysisRunner has terminated.
UnityException: The MakeClientFunc has already been registered. Registration denied.
  at UnityEngine.UIElements.DragAndDropUtility.RegisterMakeClientFunc (System.Func`1[TResult] makeClient) [0x00017] in <1cdf5c2cc10149169242b9590b7ebb6b>:0 
  at UnityEditor.UIElements.EditorDragAndDrop.RegisterEditorClient () [0x0000a] in <1d96ce257f0e45ff836d157d33fd933d>:0 

Mono: successfully reloaded assembly
ArgumentException: An item with the same key has already been added. Key: UnityEditor.UIElements.EditorAtlasMonitorInjector
Parameter name: key
  at System.Collections.Generic.SortedList`2[TKey,TValue].Add (TKey key, TValue value) [0x00041] in <aa976c2104104b7ca9e1785715722c9d>:0 
  at UnityEditor.AssetPostprocessingInternal.GetTextureProcessorsHashString () [0x000a2] in <50f55621a2ca4f31a35283e2979a8bf5>:0 
UnityEngine.DebugLogHandler:Internal_LogException(Exception, Object)
UnityEngine.DebugLogHandler:LogException(Exception, Object)
UnityEngine.Logger:LogException(Exception, Object)
UnityEngine.Debug:LogException(Exception)
UnityEditor.AssetPostprocessingInternal:GetTextureProcessorsHashString()

- Completed reload, in  1.010 seconds
Platform modules already initialized, skipping
Switching build target platform(5) subTarget(0) extendedPlatform(0) -> platform(31) subTarget(0) extendedPlatform(0)
Refreshing native plugins compatible for Editor in 0.64 ms, found 0 plugins.
Preloading 0 native plugins for Editor in 0.00 ms.
Unloading 1661 Unused Serialized files (Serialized files now loaded: 0)
System memory in use before: 76.5 MB.
System memory in use after: 76.6 MB.

Unloading 28 unused Assets to reduce memory usage. Loaded Objects now: 2119.
Total: 3.253900 ms (FindLiveObjects: 0.252200 ms CreateObjectMapping: 0.151200 ms MarkObjects: 2.795000 ms  DeleteObjects: 0.053000 ms)

========================================================================
Received Prepare
Refreshing native plugins compatible for Editor in 7.36 ms, found 0 plugins.
Preloading 0 native plugins for Editor in 0.00 ms.
Unloading 26 Unused Serialized files (Serialized files now loaded: 0)
System memory in use before: 44.3 MB.
System memory in use after: 44.4 MB.

Unloading 26 unused Assets to reduce memory usage. Loaded Objects now: 2119.
Total: 2.446900 ms (FindLiveObjects: 0.247000 ms CreateObjectMapping: 0.089100 ms MarkObjects: 2.085100 ms  DeleteObjects: 0.024200 ms)

========================================================================
Received Prepare
Refreshing native plugins compatible for Editor in 4.50 ms, found 0 plugins.
Preloading 0 native plugins for Editor in 0.00 ms.
Unloading 26 Unused Serialized files (Serialized files now loaded: 0)
System memory in use before: 44.3 MB.
System memory in use after: 44.4 MB.

Unloading 26 unused Assets to reduce memory usage. Loaded Objects now: 2119.
Total: 3.224700 ms (FindLiveObjects: 0.252800 ms CreateObjectMapping: 0.099200 ms MarkObjects: 2.848500 ms  DeleteObjects: 0.022900 ms)

========================================================================
Received Import Request.
  Time since last request: 921.130171 seconds.
  path: Assets/TutorialInfo/Layout.wlt
  artifactKey: Guid(eabc9546105bf4accac1fd62a63e88e6) Importer(815301076,1909f56bfc062723c751e8b465ee728b)
Start importing Assets/TutorialInfo/Layout.wlt using Guid(eabc9546105bf4accac1fd62a63e88e6) Importer(815301076,1909f56bfc062723c751e8b465ee728b)  -> (artifact id: '32db31fb9a3003e31cce494a5c9d67c1') in 0.023895 seconds
  Import took 0.028158 seconds .

========================================================================
Received Import Request.
  Time since last request: 1.903850 seconds.
  path: Assets/TutorialInfo/Scripts
  artifactKey: Guid(5a9bcd70e6a4b4b05badaa72e827d8e0) Importer(815301076,1909f56bfc062723c751e8b465ee728b)
Start importing Assets/TutorialInfo/Scripts using Guid(5a9bcd70e6a4b4b05badaa72e827d8e0) Importer(815301076,1909f56bfc062723c751e8b465ee728b)  -> (artifact id: '684152f20ba2ab26920d1b9e68e36da9') in 0.015581 seconds
  Import took 0.018800 seconds .

========================================================================
Received Import Request.
  Time since last request: 1.170584 seconds.
  path: Assets/TutorialInfo/Scripts/Readme.cs
  artifactKey: Guid(fcf7219bab7fe46a1ad266029b2fee19) Importer(815301076,1909f56bfc062723c751e8b465ee728b)
Start importing Assets/TutorialInfo/Scripts/Readme.cs using Guid(fcf7219bab7fe46a1ad266029b2fee19) Importer(815301076,1909f56bfc062723c751e8b465ee728b)  -> (artifact id: '8d3637dbb69254e91e12d20b4ab1c196') in 0.108156 seconds
  Import took 0.111169 seconds .

========================================================================
Received Import Request.
  Time since last request: 27.033104 seconds.
  path: Assets/TutorialInfo/Scripts/Editor
  artifactKey: Guid(3ad9b87dffba344c89909c6d1b1c17e1) Importer(815301076,1909f56bfc062723c751e8b465ee728b)
Start importing Assets/TutorialInfo/Scripts/Editor using Guid(3ad9b87dffba344c89909c6d1b1c17e1) Importer(815301076,1909f56bfc062723c751e8b465ee728b)  -> (artifact id: 'b7250bb0814b614816adc8e9071a143b') in 0.010987 seconds
  Import took 0.014682 seconds .

========================================================================
Received Import Request.
  Time since last request: 5.046988 seconds.
  path: Assets/TutorialInfo/Scripts/Editor/ReadmeEditor.cs
  artifactKey: Guid(476cc7d7cd9874016adc216baab94a0a) Importer(815301076,1909f56bfc062723c751e8b465ee728b)
Start importing Assets/TutorialInfo/Scripts/Editor/ReadmeEditor.cs using Guid(476cc7d7cd9874016adc216baab94a0a) Importer(815301076,1909f56bfc062723c751e8b465ee728b)  -> (artifact id: '2e5e251a531737cd56989e7f4dc32ef0') in 0.008739 seconds
  Import took 0.015676 seconds .

========================================================================
Received Import Request.
  Time since last request: 19.821358 seconds.
  path: Assets/Scripts/Managers
  artifactKey: Guid(6cc27d206e06258438dbc4bb795885b9) Importer(815301076,1909f56bfc062723c751e8b465ee728b)
Start importing Assets/Scripts/Managers using Guid(6cc27d206e06258438dbc4bb795885b9) Importer(815301076,1909f56bfc062723c751e8b465ee728b)  -> (artifact id: '8f8827a58f7b57dabbe8c34025d72837') in 0.009942 seconds
  Import took 0.016217 seconds .

========================================================================
Received Import Request.
  Time since last request: 0.000726 seconds.
  path: Assets/Scripts/Managers
  artifactKey: Guid(6cc27d206e06258438dbc4bb795885b9) Importer(815301076,1909f56bfc062723c751e8b465ee728b)
Start importing Assets/Scripts/Managers using Guid(6cc27d206e06258438dbc4bb795885b9) Importer(815301076,1909f56bfc062723c751e8b465ee728b)  -> (artifact id: '8f8827a58f7b57dabbe8c34025d72837') in 0.001909 seconds
  Import took 0.006248 seconds .

========================================================================
Received Import Request.
  Time since last request: 1.957462 seconds.
  path: Assets/Scripts/Managers/TankManager.cs
  artifactKey: Guid(1be963428ec33174f88161c5980f3faa) Importer(815301076,1909f56bfc062723c751e8b465ee728b)
Start importing Assets/Scripts/Managers/TankManager.cs using Guid(1be963428ec33174f88161c5980f3faa) Importer(815301076,1909f56bfc062723c751e8b465ee728b)  -> (artifact id: '2e7aae39f4f8665860e2013d243d0528') in 0.007697 seconds
  Import took 0.014655 seconds .

========================================================================
Received Import Request.
  Time since last request: 1.680107 seconds.
  path: Assets/Scripts/Managers/GameManager.cs
  artifactKey: Guid(18e521b6f8588c44f9e68c769421eb47) Importer(815301076,1909f56bfc062723c751e8b465ee728b)
Start importing Assets/Scripts/Managers/GameManager.cs using Guid(18e521b6f8588c44f9e68c769421eb47) Importer(815301076,1909f56bfc062723c751e8b465ee728b)  -> (artifact id: '2476921dafa0ae4458c82395ad2bad27') in 0.012278 seconds
  Import took 0.016170 seconds .

========================================================================
Received Import Request.
  Time since last request: 10.340558 seconds.
  path: Assets/Scripts/Tank
  artifactKey: Guid(46e032e6247865441876c868e03138e3) Importer(815301076,1909f56bfc062723c751e8b465ee728b)
Start importing Assets/Scripts/Tank using Guid(46e032e6247865441876c868e03138e3) Importer(815301076,1909f56bfc062723c751e8b465ee728b)  -> (artifact id: '1016e9fea406c184e004d1bcc191e72d') in 0.009493 seconds
  Import took 0.014648 seconds .

========================================================================
Received Import Request.
  Time since last request: 1.414177 seconds.
  path: Assets/Scripts/Tank/TankShooting.cs
  artifactKey: Guid(06b38fa3f5188f6419ab17bc1669c18c) Importer(815301076,1909f56bfc062723c751e8b465ee728b)
Start importing Assets/Scripts/Tank/TankShooting.cs using Guid(06b38fa3f5188f6419ab17bc1669c18c) Importer(815301076,1909f56bfc062723c751e8b465ee728b)  -> (artifact id: 'd891658c2d0f5c83f540ab56a24f05e7') in 0.006278 seconds
  Import took 0.010092 seconds .

========================================================================
Received Import Request.
  Time since last request: 0.051887 seconds.
  path: Assets/Scripts/Tank/TankShooting.cs
  artifactKey: Guid(06b38fa3f5188f6419ab17bc1669c18c) Importer(815301076,1909f56bfc062723c751e8b465ee728b)
Start importing Assets/Scripts/Tank/TankShooting.cs using Guid(06b38fa3f5188f6419ab17bc1669c18c) Importer(815301076,1909f56bfc062723c751e8b465ee728b)  -> (artifact id: 'd891658c2d0f5c83f540ab56a24f05e7') in 0.006803 seconds
  Import took 0.010340 seconds .

========================================================================
Received Import Request.
  Time since last request: 5.018430 seconds.
  path: Assets/Scripts/Tank/TankMovement.cs
  artifactKey: Guid(29af3199e11b72e47b41ff380db540fd) Importer(815301076,1909f56bfc062723c751e8b465ee728b)
Start importing Assets/Scripts/Tank/TankMovement.cs using Guid(29af3199e11b72e47b41ff380db540fd) Importer(815301076,1909f56bfc062723c751e8b465ee728b)  -> (artifact id: '929bc8ba56be57c1e722596af6744892') in 0.008309 seconds
  Import took 0.014956 seconds .

========================================================================
Received Import Request.
  Time since last request: 3.583489 seconds.
  path: Assets/Scripts/Tank/TankHealth.cs
  artifactKey: Guid(8326b9dca06e5bc4885942c9371f51f1) Importer(815301076,1909f56bfc062723c751e8b465ee728b)
Start importing Assets/Scripts/Tank/TankHealth.cs using Guid(8326b9dca06e5bc4885942c9371f51f1) Importer(815301076,1909f56bfc062723c751e8b465ee728b)  -> (artifact id: '0e15fc6f3bb1f37c52a9077a04cb9ba6') in 0.009725 seconds
  Import took 0.012931 seconds .

========================================================================
Received Import Request.
  Time since last request: 0.005554 seconds.
  path: Assets/Scripts/Tank/TankHealth.cs
  artifactKey: Guid(8326b9dca06e5bc4885942c9371f51f1) Importer(815301076,1909f56bfc062723c751e8b465ee728b)
Start importing Assets/Scripts/Tank/TankHealth.cs using Guid(8326b9dca06e5bc4885942c9371f51f1) Importer(815301076,1909f56bfc062723c751e8b465ee728b)  -> (artifact id: '0e15fc6f3bb1f37c52a9077a04cb9ba6') in 0.009506 seconds
  Import took 0.015587 seconds .

========================================================================
Received Prepare
Registering precompiled user dll's ...
Registered in 0.002761 seconds.
Begin MonoManager ReloadAssembly
Native extension for WindowsStandalone target not found
Refreshing native plugins compatible for Editor in 0.64 ms, found 0 plugins.
Preloading 0 native plugins for Editor in 0.00 ms.
Invoked RoslynAnalysisRunner static constructor.
RoslynAnalysisRunner will not be running.
RoslynAnalysisRunner has terminated.
Mono: successfully reloaded assembly
- Completed reload, in  0.834 seconds
Platform modules already initialized, skipping
Switching build target platform(5) subTarget(0) extendedPlatform(0) -> platform(31) subTarget(0) extendedPlatform(0)
Refreshing native plugins compatible for Editor in 0.62 ms, found 0 plugins.
Preloading 0 native plugins for Editor in 0.00 ms.
Unloading 1662 Unused Serialized files (Serialized files now loaded: 0)
System memory in use before: 76.8 MB.
System memory in use after: 76.9 MB.

Unloading 28 unused Assets to reduce memory usage. Loaded Objects now: 2123.
Total: 3.188000 ms (FindLiveObjects: 0.380100 ms CreateObjectMapping: 0.155900 ms MarkObjects: 2.576600 ms  DeleteObjects: 0.073500 ms)

========================================================================
Received Import Request.
  Time since last request: 303.312723 seconds.
  path: Assets/SonyExamples/PS4
  artifactKey: Guid(3447a5163cfac494a84f2bee9bbdc56a) Importer(815301076,1909f56bfc062723c751e8b465ee728b)
Start importing Assets/SonyExamples/PS4 using Guid(3447a5163cfac494a84f2bee9bbdc56a) Importer(815301076,1909f56bfc062723c751e8b465ee728b)  -> (artifact id: 'ae2682073482c4f61f9216086a1da636') in 0.010225 seconds
  Import took 0.024487 seconds .

========================================================================
Received Import Request.
  Time since last request: 0.739209 seconds.
  path: Assets/SonyExamples/PS4/Input
  artifactKey: Guid(91fd4335482f082439c1fe02b8a5237a) Importer(815301076,1909f56bfc062723c751e8b465ee728b)
Start importing Assets/SonyExamples/PS4/Input using Guid(91fd4335482f082439c1fe02b8a5237a) Importer(815301076,1909f56bfc062723c751e8b465ee728b)  -> (artifact id: '4afabac9f65dec8d89f36026f8918b36') in 0.010564 seconds
  Import took 0.013323 seconds .

========================================================================
Received Import Request.
  Time since last request: 2.075045 seconds.
  path: Assets/SonyExamples/PS4/Input/PS4 Input.unity
  artifactKey: Guid(c3f7ee5c6e102e74a8e22dae8e734c6f) Importer(815301076,1909f56bfc062723c751e8b465ee728b)
Start importing Assets/SonyExamples/PS4/Input/PS4 Input.unity using Guid(c3f7ee5c6e102e74a8e22dae8e734c6f) Importer(815301076,1909f56bfc062723c751e8b465ee728b)  -> (artifact id: '67f0b6107ffd5b64a7091e11fa0849a3') in 0.015876 seconds
  Import took 0.018984 seconds .

========================================================================
Received Prepare
Registering precompiled user dll's ...
Registered in 0.003566 seconds.
Begin MonoManager ReloadAssembly
Native extension for WindowsStandalone target not found
Refreshing native plugins compatible for Editor in 0.44 ms, found 0 plugins.
Preloading 0 native plugins for Editor in 0.00 ms.
Invoked RoslynAnalysisRunner static constructor.
RoslynAnalysisRunner will not be running.
RoslynAnalysisRunner has terminated.
Mono: successfully reloaded assembly
- Completed reload, in  0.789 seconds
Platform modules already initialized, skipping
Switching build target platform(5) subTarget(0) extendedPlatform(0) -> platform(31) subTarget(0) extendedPlatform(0)
Refreshing native plugins compatible for Editor in 0.51 ms, found 0 plugins.
Preloading 0 native plugins for Editor in 0.00 ms.
Unloading 1662 Unused Serialized files (Serialized files now loaded: 0)
System memory in use before: 76.8 MB.
System memory in use after: 76.9 MB.

Unloading 28 unused Assets to reduce memory usage. Loaded Objects now: 2126.
Total: 1.965100 ms (FindLiveObjects: 0.227700 ms CreateObjectMapping: 0.076200 ms MarkObjects: 1.606200 ms  DeleteObjects: 0.054200 ms)

========================================================================
Received Prepare
Registering precompiled user dll's ...
Registered in 0.002680 seconds.
Begin MonoManager ReloadAssembly
Native extension for WindowsStandalone target not found
Refreshing native plugins compatible for Editor in 0.62 ms, found 0 plugins.
Preloading 0 native plugins for Editor in 0.00 ms.
Invoked RoslynAnalysisRunner static constructor.
RoslynAnalysisRunner will not be running.
RoslynAnalysisRunner has terminated.
Mono: successfully reloaded assembly
- Completed reload, in  0.908 seconds
Platform modules already initialized, skipping
Switching build target platform(5) subTarget(0) extendedPlatform(0) -> platform(31) subTarget(0) extendedPlatform(0)
Refreshing native plugins compatible for Editor in 0.57 ms, found 0 plugins.
Preloading 0 native plugins for Editor in 0.00 ms.
Unloading 1663 Unused Serialized files (Serialized files now loaded: 0)
System memory in use before: 76.8 MB.
System memory in use after: 76.9 MB.

Unloading 28 unused Assets to reduce memory usage. Loaded Objects now: 2130.
Total: 2.653900 ms (FindLiveObjects: 0.218400 ms CreateObjectMapping: 0.071500 ms MarkObjects: 2.299300 ms  DeleteObjects: 0.063400 ms)

========================================================================
Received Import Request.
  Time since last request: 2333.392324 seconds.
  path: Assets/SonyExamples/PS4/Input/Scripts/Controllers.cs
  artifactKey: Guid(b42a180675c0883488edbd406362bd66) Importer(815301076,1909f56bfc062723c751e8b465ee728b)
Start importing Assets/SonyExamples/PS4/Input/Scripts/Controllers.cs using Guid(b42a180675c0883488edbd406362bd66) Importer(815301076,1909f56bfc062723c751e8b465ee728b)  -> (artifact id: '9195418cfe9f56a3f34ada04c8d4fab4') in 0.009204 seconds
  Import took 0.012062 seconds .

========================================================================
Received Import Request.
  Time since last request: 0.025185 seconds.
  path: Assets/SonyExamples/PS4/Input/Scripts/Controllers.cs
  artifactKey: Guid(b42a180675c0883488edbd406362bd66) Importer(815301076,1909f56bfc062723c751e8b465ee728b)
Start importing Assets/SonyExamples/PS4/Input/Scripts/Controllers.cs using Guid(b42a180675c0883488edbd406362bd66) Importer(815301076,1909f56bfc062723c751e8b465ee728b)  -> (artifact id: '9195418cfe9f56a3f34ada04c8d4fab4') in 0.002587 seconds
  Import took 0.006442 seconds .

========================================================================
Received Import Request.
  Time since last request: 8.642674 seconds.
  path: Assets/SonyExamples/PS4/Input+/Scripts/GamePad.cs
  artifactKey: Guid(2c31c62e3ba3abf419b7cbe72b67cd69) Importer(815301076,1909f56bfc062723c751e8b465ee728b)
Start importing Assets/SonyExamples/PS4/Input+/Scripts/GamePad.cs using Guid(2c31c62e3ba3abf419b7cbe72b67cd69) Importer(815301076,1909f56bfc062723c751e8b465ee728b)  -> (artifact id: '290b1a4a6cd3605fb0ca379a76927fbc') in 0.006437 seconds
  Import took 0.012170 seconds .

========================================================================
Received Import Request.
  Time since last request: 68.261041 seconds.
  path: Assets/SonyExamples/PS4/Input+/Textures/Background.mat
  artifactKey: Guid(9a28d6e19b7188f4e9347f6dd1644f25) Importer(815301076,1909f56bfc062723c751e8b465ee728b)
Start importing Assets/SonyExamples/PS4/Input+/Textures/Background.mat using Guid(9a28d6e19b7188f4e9347f6dd1644f25) Importer(815301076,1909f56bfc062723c751e8b465ee728b)  -> (artifact id: 'bf96400b105d9c3843650c829b44ef0f') in 0.395015 seconds
  Import took 0.398094 seconds .

========================================================================
Received Import Request.
  Time since last request: 0.000250 seconds.
  path: Assets/SonyExamples/PS4/Input+/Textures/Light Grey.mat
  artifactKey: Guid(fde54ea9e95bce246ba9a059b4f2d06f) Importer(815301076,1909f56bfc062723c751e8b465ee728b)
Start importing Assets/SonyExamples/PS4/Input+/Textures/Light Grey.mat using Guid(fde54ea9e95bce246ba9a059b4f2d06f) Importer(815301076,1909f56bfc062723c751e8b465ee728b)  -> (artifact id: 'a7ce89c9f54aadf1e083dd58413bcf6c') in 0.020297 seconds
  Import took 0.023199 seconds .

========================================================================
Received Import Request.
  Time since last request: 0.000270 seconds.
  path: Assets/SonyExamples/PS4/Input+/Textures/Dark Grey.mat
  artifactKey: Guid(dac72913c1771a64e9540633eec1f16e) Importer(815301076,1909f56bfc062723c751e8b465ee728b)
Start importing Assets/SonyExamples/PS4/Input+/Textures/Dark Grey.mat using Guid(dac72913c1771a64e9540633eec1f16e) Importer(815301076,1909f56bfc062723c751e8b465ee728b)  -> (artifact id: '1ab1d2160210ce4fffd2104ce00e6708') in 0.024605 seconds
  Import took 0.029208 seconds .

========================================================================
Received Import Request.
  Time since last request: 0.000301 seconds.
  path: Assets/SonyExamples/PS4/Input+/Textures/PS4_GamePad.png
  artifactKey: Guid(5f1d411eefe3ef2498c77151ace972e2) Importer(815301076,1909f56bfc062723c751e8b465ee728b)
Start importing Assets/SonyExamples/PS4/Input+/Textures/PS4_GamePad.png using Guid(5f1d411eefe3ef2498c77151ace972e2) Importer(815301076,1909f56bfc062723c751e8b465ee728b)  -> (artifact id: '710321928d9ccb27d5ec36d86fa0be1c') in 0.141235 seconds
  Import took 0.144353 seconds .

========================================================================
Received Import Request.
  Time since last request: 1.845682 seconds.
  path: Assets/SonyExamples/PS4/Input+/Prefabs/PS4_Gamepad.prefab
  artifactKey: Guid(1bd9f2fcfbe2aaa4b94c4f9d401c7e34) Importer(815301076,1909f56bfc062723c751e8b465ee728b)
Start importing Assets/SonyExamples/PS4/Input+/Prefabs/PS4_Gamepad.prefab using Guid(1bd9f2fcfbe2aaa4b94c4f9d401c7e34) Importer(815301076,1909f56bfc062723c751e8b465ee728b)  -> (artifact id: 'cd9789d35f617b1812756c9a0a72e0bf') in 0.085155 seconds
  Import took 0.090847 seconds .

========================================================================
Received Import Request.
  Time since last request: 2.645621 seconds.
  path: Assets/SonyExamples/PS4/Input+/PS4Input+.unity
  artifactKey: Guid(f81188945041a4d49ae52bee2e900cdb) Importer(815301076,1909f56bfc062723c751e8b465ee728b)
Start importing Assets/SonyExamples/PS4/Input+/PS4Input+.unity using Guid(f81188945041a4d49ae52bee2e900cdb) Importer(815301076,1909f56bfc062723c751e8b465ee728b)  -> (artifact id: '4dcbcad7340c2520c3608c92d6ff52f7') in 0.008368 seconds
  Import took 0.011632 seconds .

========================================================================
Received Import Request.
  Time since last request: 2.301902 seconds.
  path: Assets/SonyExamples/PS4/Input+/InputManager.zip
  artifactKey: Guid(bb099e1f0f5e2d342bf554327cdd34fc) Importer(815301076,1909f56bfc062723c751e8b465ee728b)
Start importing Assets/SonyExamples/PS4/Input+/InputManager.zip using Guid(bb099e1f0f5e2d342bf554327cdd34fc) Importer(815301076,1909f56bfc062723c751e8b465ee728b)  -> (artifact id: '7030429455e5baf3e5e28e9a35e95404') in 0.014295 seconds
  Import took 0.019446 seconds .

========================================================================
Received Import Request.
  Time since last request: 12.405917 seconds.
  path: Assets/SonyExamples/PS4/Input/InputManager.zip
  artifactKey: Guid(0f9bae3c9e7037d429e8f8917b528ced) Importer(815301076,1909f56bfc062723c751e8b465ee728b)
Start importing Assets/SonyExamples/PS4/Input/InputManager.zip using Guid(0f9bae3c9e7037d429e8f8917b528ced) Importer(815301076,1909f56bfc062723c751e8b465ee728b)  -> (artifact id: '420f13f061aea4e62ba7ae03cb2476ee') in 0.003102 seconds
  Import took 0.007813 seconds .

========================================================================
Received Prepare
Registering precompiled user dll's ...
Registered in 0.002765 seconds.
Begin MonoManager ReloadAssembly
Native extension for WindowsStandalone target not found
Refreshing native plugins compatible for Editor in 0.44 ms, found 0 plugins.
Preloading 0 native plugins for Editor in 0.00 ms.
Invoked RoslynAnalysisRunner static constructor.
RoslynAnalysisRunner will not be running.
RoslynAnalysisRunner has terminated.
Mono: successfully reloaded assembly
- Completed reload, in  0.816 seconds
Platform modules already initialized, skipping
Switching build target platform(5) subTarget(0) extendedPlatform(0) -> platform(31) subTarget(0) extendedPlatform(0)
Refreshing native plugins compatible for Editor in 0.47 ms, found 0 plugins.
Preloading 0 native plugins for Editor in 0.00 ms.
Unloading 1663 Unused Serialized files (Serialized files now loaded: 0)
System memory in use before: 80.7 MB.
System memory in use after: 80.8 MB.

Unloading 28 unused Assets to reduce memory usage. Loaded Objects now: 2214.
Total: 2.375200 ms (FindLiveObjects: 0.221700 ms CreateObjectMapping: 0.326900 ms MarkObjects: 1.780100 ms  DeleteObjects: 0.045500 ms)

========================================================================
Received Import Request.
  Time since last request: 881.071871 seconds.
  path: Assets/SonyExamples/PS4/Input/README.txt
  artifactKey: Guid(7284f99a3fd01714fa3a875accffdca5) Importer(815301076,1909f56bfc062723c751e8b465ee728b)
Start importing Assets/SonyExamples/PS4/Input/README.txt using Guid(7284f99a3fd01714fa3a875accffdca5) Importer(815301076,1909f56bfc062723c751e8b465ee728b)  -> (artifact id: 'a05b27d960871814bf5c98daebd2f915') in 0.041021 seconds
  Import took 0.044641 seconds .

========================================================================
Received Prepare
Refreshing native plugins compatible for Editor in 4.66 ms, found 0 plugins.
Preloading 0 native plugins for Editor in 0.00 ms.
Unloading 26 Unused Serialized files (Serialized files now loaded: 0)
System memory in use before: 48.5 MB.
System memory in use after: 48.6 MB.

Unloading 26 unused Assets to reduce memory usage. Loaded Objects now: 2214.
Total: 2.934800 ms (FindLiveObjects: 0.257100 ms CreateObjectMapping: 0.071400 ms MarkObjects: 2.559900 ms  DeleteObjects: 0.045200 ms)

========================================================================
Received Prepare
Refreshing native plugins compatible for Editor in 4.72 ms, found 0 plugins.
Preloading 0 native plugins for Editor in 0.00 ms.
Unloading 26 Unused Serialized files (Serialized files now loaded: 0)
System memory in use before: 48.5 MB.
System memory in use after: 48.6 MB.

Unloading 26 unused Assets to reduce memory usage. Loaded Objects now: 2214.
Total: 5.226200 ms (FindLiveObjects: 0.544200 ms CreateObjectMapping: 0.126000 ms MarkObjects: 4.525600 ms  DeleteObjects: 0.027700 ms)

========================================================================
Received Import Request.
  Time since last request: 1182.667922 seconds.
  path: Assets/Scenes/Main.unity
  artifactKey: Guid(716707dd4e28c5b4a83b9fb3e7e91ada) Importer(815301076,1909f56bfc062723c751e8b465ee728b)
Start importing Assets/Scenes/Main.unity using Guid(716707dd4e28c5b4a83b9fb3e7e91ada) Importer(815301076,1909f56bfc062723c751e8b465ee728b)  -> (artifact id: '2ae96e38493f25ec57598c276221c801') in 0.009885 seconds
  Import took 0.013955 seconds .

========================================================================
Received Prepare
Refreshing native plugins compatible for Editor in 5.03 ms, found 0 plugins.
Preloading 0 native plugins for Editor in 0.00 ms.
Unloading 26 Unused Serialized files (Serialized files now loaded: 0)
System memory in use before: 48.5 MB.
System memory in use after: 48.6 MB.

Unloading 26 unused Assets to reduce memory usage. Loaded Objects now: 2214.
Total: 2.385400 ms (FindLiveObjects: 0.199700 ms CreateObjectMapping: 0.073300 ms MarkObjects: 2.080800 ms  DeleteObjects: 0.029600 ms)

========================================================================
Received Prepare
Refreshing native plugins compatible for Editor in 4.25 ms, found 0 plugins.
Preloading 0 native plugins for Editor in 0.00 ms.
Unloading 26 Unused Serialized files (Serialized files now loaded: 0)
System memory in use before: 48.5 MB.
System memory in use after: 48.6 MB.

Unloading 26 unused Assets to reduce memory usage. Loaded Objects now: 2214.
Total: 3.109100 ms (FindLiveObjects: 0.203200 ms CreateObjectMapping: 0.062400 ms MarkObjects: 2.798200 ms  DeleteObjects: 0.043400 ms)

========================================================================
Received Prepare
Refreshing native plugins compatible for Editor in 6.46 ms, found 0 plugins.
Preloading 0 native plugins for Editor in 0.00 ms.
Unloading 26 Unused Serialized files (Serialized files now loaded: 0)
System memory in use before: 48.5 MB.
System memory in use after: 48.6 MB.

Unloading 26 unused Assets to reduce memory usage. Loaded Objects now: 2214.
Total: 3.080500 ms (FindLiveObjects: 0.242600 ms CreateObjectMapping: 0.132700 ms MarkObjects: 2.671500 ms  DeleteObjects: 0.032200 ms)

========================================================================
Received Prepare
Refreshing native plugins compatible for Editor in 4.83 ms, found 0 plugins.
Preloading 0 native plugins for Editor in 0.00 ms.
Unloading 26 Unused Serialized files (Serialized files now loaded: 0)
System memory in use before: 48.5 MB.
System memory in use after: 48.6 MB.

Unloading 26 unused Assets to reduce memory usage. Loaded Objects now: 2214.
Total: 3.408500 ms (FindLiveObjects: 0.312000 ms CreateObjectMapping: 0.219200 ms MarkObjects: 2.832900 ms  DeleteObjects: 0.042900 ms)

AssetImportWorkerClient::OnTransportError - code=2 error=End of file
